[Wed Jun 12 21:39:14 202] - new black
[Wed Jun 12 21:39:28 202] - move HHII
[Wed Jun 12 21:39:41 202] - move EEFF
[Wed Jun 12 21:42:36 202] - move GJIH
[Wed Jun 12 21:48:27 202] - HKHM
[Wed Jun 12 21:50:11 202] - move HKHM
[Wed Jun 12 21:50:31 202] - move HJGI
[Wed Jun 12 21:51:02 202] - move JGKF
[Wed Jun 12 21:55:58 202] - exit
[Wed Jun 12 21:56:14 202] - new black
[Wed Jun 12 21:56:21 202] - move HHII
[Wed Jun 12 21:56:49 202] - move GGFF
[Wed Jun 12 21:57:09 202] - move HGHF
[Wed Jun 12 21:57:22 202] - move HEHD
[Wed Jun 12 21:58:10 202] - move JDLD
[Wed Jun 12 21:58:48 202] - move LBKC
[Wed Jun 12 21:59:52 202] - move KDND
[Wed Jun 12 22:00:27 202] - move FGIG
[Wed Jun 12 22:01:12 202] - move JGKF
[Wed Jun 12 22:02:52 202] - move IFJE
[Wed Jun 12 22:04:01 202] - move JDIE
[Thu Jun 13 19:15:02 202] - new black
[Thu Jun 13 19:15:07 202] - move HHII
[Thu Jun 13 19:15:20 202] - move EEFF
[Thu Jun 13 19:15:52 202] - move IGII
[Thu Jun 13 19:16:47 202] - move IHIF
[Thu Jun 13 19:17:10 202] - move GIJF
[Thu Jun 13 19:17:37 202] - move HJJG
[Thu Jun 13 19:17:50 202] - exit
[Thu Jun 13 19:17:58 202] - new black
[Thu Jun 13 19:39:43 202] - move HHII
[Thu Jun 13 19:40:04 202] - move EEFF
[Thu Jun 13 19:40:47 202] - exit
[Thu Jun 13 19:40:54 202] - new black
[Thu Jun 13 19:40:59 202] - move HHII
[Thu Jun 13 19:41:18 202] - move EEFF
[Thu Jun 13 19:41:51 202] - move GJIH
[Thu Jun 13 19:42:25 202] - move HKHM
[Thu Jun 13 19:43:09 202] - move HJGI
[Thu Jun 13 19:45:20 202] - exit
[Thu Jun 13 19:45:27 202] - new black
[Thu Jun 13 19:45:30 202] - move HHII
[Thu Jun 13 19:45:45 202] - move EEFF
[Thu Jun 13 19:46:07 202] - move GJIH
[Thu Jun 13 19:46:26 202] - move HKHM
[Thu Jun 13 19:47:22 202] - move GKFK
[Thu Jun 13 19:48:22 202] - exit
[Thu Jun 13 19:50:06 202] - new black
[Thu Jun 13 19:50:10 202] - move HHII
[Thu Jun 13 19:50:18 202] - move EEFF
[Thu Jun 13 19:50:28 202] - move GJIH
[Thu Jun 13 19:50:51 202] - move HKHM
[Thu Jun 13 19:51:11 202] - exit
[Thu Jun 13 19:51:19 202] - new black
[Thu Jun 13 19:51:24 202] - move HHII
[Thu Jun 13 19:51:46 202] - move eeff
[Thu Jun 13 19:51:52 202] - new black
[Thu Jun 13 19:51:55 202] - move HHII
[Thu Jun 13 19:52:01 202] - move EEFF
[Thu Jun 13 19:52:21 202] - move GJIH
[Thu Jun 13 19:52:45 202] - move HKHM
[Thu Jun 13 19:53:03 202] - exit
[Thu Jun 13 19:53:10 202] - new black
[Thu Jun 13 19:53:13 202] - move HHII
[Thu Jun 13 19:53:25 202] - move EEFF
[Thu Jun 13 19:54:02 202] - move IFGI
[Thu Jun 13 19:54:56 202] - move JFEK
[Thu Jun 13 19:56:23 202] - move FJDL
[Thu Jun 13 19:57:29 202] - move FGFH
[Thu Jun 13 19:58:35 202] - move DFIK
[Thu Jun 13 19:59:27 202] - move EGHJ
